2024-11-04T11:09:26.041+09:00  INFO 956969 --- [api] [main] com.example.api.ApiApplication           : Starting ApiApplication using Java 17.0.12 with PID 956969 (/home/expl/ws/springboot-multiproject-sample/api/target/classes started by expl in /home/expl/ws/springboot-multiproject-sample/api)
2024-11-04T11:09:26.048+09:00 DEBUG 956969 --- [api] [main] com.example.api.ApiApplication           : Running with Spring Boot v3.3.5, Spring v6.1.14
2024-11-04T11:09:26.052+09:00  INFO 956969 --- [api] [main] com.example.api.ApiApplication           : The following 1 profile is active: "dev"
2024-11-04T11:09:28.169+09:00 DEBUG 956969 --- [api] [main] o.m.s.b.a.MybatisAutoConfiguration       : Searching for mappers annotated with @Mapper
2024-11-04T11:09:28.171+09:00 DEBUG 956969 --- [api] [main] o.m.s.b.a.MybatisAutoConfiguration       : Using auto-configuration base package 'com.example.api'
2024-11-04T11:09:28.566+09:00 DEBUG 956969 --- [api] [main] o.m.s.mapper.ClassPathMapperScanner      : Identified candidate component class: file [/home/expl/ws/springboot-multiproject-sample/api/target/classes/com/example/api/ap/sample/domain/repository/SampleRepository.class]
2024-11-04T11:09:28.575+09:00 DEBUG 956969 --- [api] [main] o.m.s.mapper.ClassPathMapperScanner      : Creating MapperFactoryBean with name 'sampleRepository' and 'com.example.api.ap.sample.domain.repository.SampleRepository' mapperInterface
2024-11-04T11:09:30.311+09:00  INFO 956969 --- [api] [main] o.apache.catalina.core.StandardService   : Starting service [Tomcat]
2024-11-04T11:09:30.313+09:00  INFO 956969 --- [api] [main] o.apache.catalina.core.StandardEngine    : Starting Servlet engine: [Apache Tomcat/10.1.31]
2024-11-04T11:09:30.493+09:00  INFO 956969 --- [api] [main] o.a.c.c.C.[Tomcat].[localhost].[/]       : Initializing Spring embedded WebApplicationContext
2024-11-04T11:09:30.711+09:00 DEBUG 956969 --- [api] [main] c.e.a.f.s.CustomAuthenticationFilter     : Filter 'customAuthenticationFilter' configured for use
2024-11-04T11:09:31.480+09:00 DEBUG 956969 --- [api] [main] o.mybatis.spring.SqlSessionFactoryBean   : Parsed mapper file: 'file [/home/expl/ws/springboot-multiproject-sample/api/target/classes/mapper/com/example/api/ap/sample/domain/repository/SampleRepository.xml]'
2024-11-04T11:09:31.770+09:00  WARN 956969 --- [api] [main] .s.s.UserDetailsServiceAutoConfiguration : 

Using generated security password: 15f9f134-006a-4e2a-bdc9-3b34dd2ede50

This generated password is for development use only. Your security configuration must be updated before running your application in production.

2024-11-04T11:09:33.514+09:00 DEBUG 956969 --- [api] [main] o.m.s.b.a.MybatisAutoConfiguration       : Not found configuration for registering mapper bean using @MapperScan, MapperFactoryBean and MapperScannerConfigurer.
2024-11-04T11:09:33.930+09:00  INFO 956969 --- [api] [main] com.example.api.ApiApplication           : Started ApiApplication in 9.479 seconds (process running for 10.508)
2024-11-04T11:09:50.843+09:00  INFO 956969 --- [api] [http-nio-8080-exec-1] o.a.c.c.C.[Tomcat].[localhost].[/]       : Initializing Spring DispatcherServlet 'dispatcherServlet'
2024-11-04T11:09:50.988+09:00 DEBUG 956969 --- [api] [http-nio-8080-exec-1] org.mybatis.spring.SqlSessionUtils       : Creating a new SqlSession
2024-11-04T11:09:51.001+09:00 DEBUG 956969 --- [api] [http-nio-8080-exec-1] org.mybatis.spring.SqlSessionUtils       : SqlSession [org.apache.ibatis.session.defaults.DefaultSqlSession@99bc44b] was not registered for synchronization because synchronization is not active
2024-11-04T11:09:51.024+09:00  INFO 956969 --- [api] [http-nio-8080-exec-1] com.zaxxer.hikari.HikariDataSource       : HikariPool-1 - Starting...
2024-11-04T11:09:51.576+09:00  INFO 956969 --- [api] [http-nio-8080-exec-1] com.zaxxer.hikari.pool.HikariPool        : HikariPool-1 - Added connection org.postgresql.jdbc.PgConnection@3de19f4b
2024-11-04T11:09:51.581+09:00  INFO 956969 --- [api] [http-nio-8080-exec-1] com.zaxxer.hikari.HikariDataSource       : HikariPool-1 - Start completed.
2024-11-04T11:09:51.598+09:00 DEBUG 956969 --- [api] [http-nio-8080-exec-1] o.m.s.t.SpringManagedTransaction         : JDBC Connection [HikariProxyConnection@232258274 wrapping org.postgresql.jdbc.PgConnection@3de19f4b] will not be managed by Spring
2024-11-04T11:09:51.620+09:00 DEBUG 956969 --- [api] [http-nio-8080-exec-1] c.e.a.a.s.d.r.S.selectAll                : ==>  Preparing: SELECT seq, id, number, string, created_at, updated_at FROM samples
2024-11-04T11:09:51.687+09:00 DEBUG 956969 --- [api] [http-nio-8080-exec-1] c.e.a.a.s.d.r.S.selectAll                : ==> Parameters: 
2024-11-04T11:09:51.763+09:00 DEBUG 956969 --- [api] [http-nio-8080-exec-1] c.e.a.a.s.d.r.S.selectAll                : <==      Total: 5
2024-11-04T11:09:51.785+09:00 DEBUG 956969 --- [api] [http-nio-8080-exec-1] org.mybatis.spring.SqlSessionUtils       : Closing non transactional SqlSession [org.apache.ibatis.session.defaults.DefaultSqlSession@99bc44b]
2024-11-04T11:10:05.224+09:00 DEBUG 956969 --- [api] [http-nio-8080-exec-2] org.mybatis.spring.SqlSessionUtils       : Creating a new SqlSession
2024-11-04T11:10:05.225+09:00 DEBUG 956969 --- [api] [http-nio-8080-exec-2] org.mybatis.spring.SqlSessionUtils       : SqlSession [org.apache.ibatis.session.defaults.DefaultSqlSession@49682ef5] was not registered for synchronization because synchronization is not active
2024-11-04T11:10:05.228+09:00 DEBUG 956969 --- [api] [http-nio-8080-exec-2] o.m.s.t.SpringManagedTransaction         : JDBC Connection [HikariProxyConnection@700558640 wrapping org.postgresql.jdbc.PgConnection@3de19f4b] will not be managed by Spring
2024-11-04T11:10:05.229+09:00 DEBUG 956969 --- [api] [http-nio-8080-exec-2] c.e.a.a.s.d.r.S.selectById               : ==>  Preparing: SELECT seq, id, number, string, created_at, updated_at FROM samples WHERE id = ?
2024-11-04T11:10:05.232+09:00 DEBUG 956969 --- [api] [http-nio-8080-exec-2] c.e.a.a.s.d.r.S.selectById               : ==> Parameters: 0d861b64-371a-484f-800c-6afd05add48b(String)
2024-11-04T11:10:05.241+09:00 DEBUG 956969 --- [api] [http-nio-8080-exec-2] c.e.a.a.s.d.r.S.selectById               : <==      Total: 1
2024-11-04T11:10:05.243+09:00 DEBUG 956969 --- [api] [http-nio-8080-exec-2] org.mybatis.spring.SqlSessionUtils       : Closing non transactional SqlSession [org.apache.ibatis.session.defaults.DefaultSqlSession@49682ef5]
2024-11-04T11:10:14.956+09:00  INFO 956969 --- [api] [SpringApplicationShutdownHook] com.zaxxer.hikari.HikariDataSource       : HikariPool-1 - Shutdown initiated...
2024-11-04T11:10:14.972+09:00  INFO 956969 --- [api] [SpringApplicationShutdownHook] com.zaxxer.hikari.HikariDataSource       : HikariPool-1 - Shutdown completed.
2024-11-04T11:15:00.526+09:00  INFO 958788 --- [api] [main] com.example.api.ApiApplication           : Starting ApiApplication using Java 17.0.12 with PID 958788 (/home/expl/ws/springboot-multiproject-sample/api/target/classes started by expl in /home/expl/ws/springboot-multiproject-sample/api)
2024-11-04T11:15:00.532+09:00 DEBUG 958788 --- [api] [main] com.example.api.ApiApplication           : Running with Spring Boot v3.3.5, Spring v6.1.14
2024-11-04T11:15:00.535+09:00  INFO 958788 --- [api] [main] com.example.api.ApiApplication           : The following 1 profile is active: "dev"
2024-11-04T11:15:02.584+09:00 DEBUG 958788 --- [api] [main] o.m.s.b.a.MybatisAutoConfiguration       : Searching for mappers annotated with @Mapper
2024-11-04T11:15:02.586+09:00 DEBUG 958788 --- [api] [main] o.m.s.b.a.MybatisAutoConfiguration       : Using auto-configuration base package 'com.example.api'
2024-11-04T11:15:02.978+09:00 DEBUG 958788 --- [api] [main] o.m.s.mapper.ClassPathMapperScanner      : Identified candidate component class: file [/home/expl/ws/springboot-multiproject-sample/api/target/classes/com/example/api/ap/sample/domain/repository/SampleRepository.class]
2024-11-04T11:15:02.986+09:00 DEBUG 958788 --- [api] [main] o.m.s.mapper.ClassPathMapperScanner      : Creating MapperFactoryBean with name 'sampleRepository' and 'com.example.api.ap.sample.domain.repository.SampleRepository' mapperInterface
2024-11-04T11:15:04.669+09:00  INFO 958788 --- [api] [main] o.apache.catalina.core.StandardService   : Starting service [Tomcat]
2024-11-04T11:15:04.671+09:00  INFO 958788 --- [api] [main] o.apache.catalina.core.StandardEngine    : Starting Servlet engine: [Apache Tomcat/10.1.31]
2024-11-04T11:15:04.850+09:00  INFO 958788 --- [api] [main] o.a.c.c.C.[Tomcat].[localhost].[/]       : Initializing Spring embedded WebApplicationContext
2024-11-04T11:15:05.062+09:00 DEBUG 958788 --- [api] [main] c.e.a.f.s.CustomAuthenticationFilter     : Filter 'customAuthenticationFilter' configured for use
2024-11-04T11:15:05.766+09:00 DEBUG 958788 --- [api] [main] o.mybatis.spring.SqlSessionFactoryBean   : Parsed mapper file: 'file [/home/expl/ws/springboot-multiproject-sample/api/target/classes/mapper/com/example/api/ap/sample/domain/repository/SampleRepository.xml]'
2024-11-04T11:15:06.039+09:00  WARN 958788 --- [api] [main] .s.s.UserDetailsServiceAutoConfiguration : 

Using generated security password: a52e68de-0512-4805-9300-6e2d010a045a

This generated password is for development use only. Your security configuration must be updated before running your application in production.

2024-11-04T11:15:07.783+09:00 DEBUG 958788 --- [api] [main] o.m.s.b.a.MybatisAutoConfiguration       : Not found configuration for registering mapper bean using @MapperScan, MapperFactoryBean and MapperScannerConfigurer.
2024-11-04T11:15:08.183+09:00  INFO 958788 --- [api] [main] com.example.api.ApiApplication           : Started ApiApplication in 9.07 seconds (process running for 10.006)
2024-11-04T11:15:22.093+09:00  INFO 958788 --- [api] [http-nio-8080-exec-1] o.a.c.c.C.[Tomcat].[localhost].[/]       : Initializing Spring DispatcherServlet 'dispatcherServlet'
2024-11-04T11:15:22.238+09:00 DEBUG 958788 --- [api] [http-nio-8080-exec-1] org.mybatis.spring.SqlSessionUtils       : Creating a new SqlSession
2024-11-04T11:15:22.251+09:00 DEBUG 958788 --- [api] [http-nio-8080-exec-1] org.mybatis.spring.SqlSessionUtils       : SqlSession [org.apache.ibatis.session.defaults.DefaultSqlSession@705deba0] was not registered for synchronization because synchronization is not active
2024-11-04T11:15:22.274+09:00  INFO 958788 --- [api] [http-nio-8080-exec-1] com.zaxxer.hikari.HikariDataSource       : HikariPool-1 - Starting...
2024-11-04T11:15:22.805+09:00  INFO 958788 --- [api] [http-nio-8080-exec-1] com.zaxxer.hikari.pool.HikariPool        : HikariPool-1 - Added connection org.postgresql.jdbc.PgConnection@88256a3
2024-11-04T11:15:22.810+09:00  INFO 958788 --- [api] [http-nio-8080-exec-1] com.zaxxer.hikari.HikariDataSource       : HikariPool-1 - Start completed.
2024-11-04T11:15:22.826+09:00 DEBUG 958788 --- [api] [http-nio-8080-exec-1] o.m.s.t.SpringManagedTransaction         : JDBC Connection [HikariProxyConnection@1235742426 wrapping org.postgresql.jdbc.PgConnection@88256a3] will not be managed by Spring
2024-11-04T11:15:22.847+09:00 DEBUG 958788 --- [api] [http-nio-8080-exec-1] c.e.a.a.s.d.r.S.selectAll                : ==>  Preparing: SELECT seq, id, number, string, created_at, updated_at FROM samples
2024-11-04T11:15:22.912+09:00 DEBUG 958788 --- [api] [http-nio-8080-exec-1] c.e.a.a.s.d.r.S.selectAll                : ==> Parameters: 
2024-11-04T11:15:22.989+09:00 DEBUG 958788 --- [api] [http-nio-8080-exec-1] c.e.a.a.s.d.r.S.selectAll                : <==      Total: 5
2024-11-04T11:15:23.009+09:00 DEBUG 958788 --- [api] [http-nio-8080-exec-1] org.mybatis.spring.SqlSessionUtils       : Closing non transactional SqlSession [org.apache.ibatis.session.defaults.DefaultSqlSession@705deba0]
2024-11-04T11:20:29.462+09:00 DEBUG 958788 --- [api] [http-nio-8080-exec-3] org.mybatis.spring.SqlSessionUtils       : Creating a new SqlSession
2024-11-04T11:20:29.463+09:00 DEBUG 958788 --- [api] [http-nio-8080-exec-3] org.mybatis.spring.SqlSessionUtils       : SqlSession [org.apache.ibatis.session.defaults.DefaultSqlSession@7bd17757] was not registered for synchronization because synchronization is not active
2024-11-04T11:20:29.465+09:00 DEBUG 958788 --- [api] [http-nio-8080-exec-3] o.m.s.t.SpringManagedTransaction         : JDBC Connection [HikariProxyConnection@1964414557 wrapping org.postgresql.jdbc.PgConnection@88256a3] will not be managed by Spring
2024-11-04T11:20:29.466+09:00 DEBUG 958788 --- [api] [http-nio-8080-exec-3] c.e.a.a.s.d.r.S.selectAll                : ==>  Preparing: SELECT seq, id, number, string, created_at, updated_at FROM samples
2024-11-04T11:20:29.467+09:00 DEBUG 958788 --- [api] [http-nio-8080-exec-3] c.e.a.a.s.d.r.S.selectAll                : ==> Parameters: 
2024-11-04T11:20:29.473+09:00 DEBUG 958788 --- [api] [http-nio-8080-exec-3] c.e.a.a.s.d.r.S.selectAll                : <==      Total: 5
2024-11-04T11:20:29.474+09:00 DEBUG 958788 --- [api] [http-nio-8080-exec-3] org.mybatis.spring.SqlSessionUtils       : Closing non transactional SqlSession [org.apache.ibatis.session.defaults.DefaultSqlSession@7bd17757]
2024-11-04T11:20:36.957+09:00  INFO 958788 --- [api] [SpringApplicationShutdownHook] com.zaxxer.hikari.HikariDataSource       : HikariPool-1 - Shutdown initiated...
2024-11-04T11:20:36.968+09:00  INFO 958788 --- [api] [SpringApplicationShutdownHook] com.zaxxer.hikari.HikariDataSource       : HikariPool-1 - Shutdown completed.
2024-11-04T11:20:55.010+09:00  INFO 960586 --- [api] [main] com.example.api.ApiApplication           : Starting ApiApplication using Java 17.0.12 with PID 960586 (/home/expl/ws/springboot-multiproject-sample/api/target/classes started by expl in /home/expl/ws/springboot-multiproject-sample/api)
2024-11-04T11:20:55.017+09:00 DEBUG 960586 --- [api] [main] com.example.api.ApiApplication           : Running with Spring Boot v3.3.5, Spring v6.1.14
2024-11-04T11:20:55.020+09:00  INFO 960586 --- [api] [main] com.example.api.ApiApplication           : The following 1 profile is active: "dev"
2024-11-04T11:20:57.101+09:00 DEBUG 960586 --- [api] [main] o.m.s.b.a.MybatisAutoConfiguration       : Searching for mappers annotated with @Mapper
2024-11-04T11:20:57.103+09:00 DEBUG 960586 --- [api] [main] o.m.s.b.a.MybatisAutoConfiguration       : Using auto-configuration base package 'com.example.api'
2024-11-04T11:20:57.501+09:00 DEBUG 960586 --- [api] [main] o.m.s.mapper.ClassPathMapperScanner      : Identified candidate component class: file [/home/expl/ws/springboot-multiproject-sample/api/target/classes/com/example/api/ap/sample/domain/repository/SampleRepository.class]
2024-11-04T11:20:57.510+09:00 DEBUG 960586 --- [api] [main] o.m.s.mapper.ClassPathMapperScanner      : Creating MapperFactoryBean with name 'sampleRepository' and 'com.example.api.ap.sample.domain.repository.SampleRepository' mapperInterface
2024-11-04T11:20:59.160+09:00  INFO 960586 --- [api] [main] o.apache.catalina.core.StandardService   : Starting service [Tomcat]
2024-11-04T11:20:59.161+09:00  INFO 960586 --- [api] [main] o.apache.catalina.core.StandardEngine    : Starting Servlet engine: [Apache Tomcat/10.1.31]
2024-11-04T11:20:59.341+09:00  INFO 960586 --- [api] [main] o.a.c.c.C.[Tomcat].[localhost].[/]       : Initializing Spring embedded WebApplicationContext
2024-11-04T11:20:59.560+09:00 DEBUG 960586 --- [api] [main] c.e.a.f.s.CustomAuthenticationFilter     : Filter 'customAuthenticationFilter' configured for use
2024-11-04T11:21:00.265+09:00 DEBUG 960586 --- [api] [main] o.mybatis.spring.SqlSessionFactoryBean   : Parsed mapper file: 'file [/home/expl/ws/springboot-multiproject-sample/api/target/classes/mapper/com/example/api/ap/sample/domain/repository/SampleRepository.xml]'
2024-11-04T11:21:00.552+09:00  WARN 960586 --- [api] [main] .s.s.UserDetailsServiceAutoConfiguration : 

Using generated security password: 302d50a2-e742-48c6-8722-03b215b5f381

This generated password is for development use only. Your security configuration must be updated before running your application in production.

2024-11-04T11:21:02.305+09:00 DEBUG 960586 --- [api] [main] o.m.s.b.a.MybatisAutoConfiguration       : Not found configuration for registering mapper bean using @MapperScan, MapperFactoryBean and MapperScannerConfigurer.
2024-11-04T11:21:02.750+09:00  INFO 960586 --- [api] [main] com.example.api.ApiApplication           : Started ApiApplication in 9.32 seconds (process running for 10.436)
2024-11-04T11:21:39.110+09:00  INFO 960586 --- [api] [http-nio-8080-exec-1] o.a.c.c.C.[Tomcat].[localhost].[/]       : Initializing Spring DispatcherServlet 'dispatcherServlet'
2024-11-04T11:21:39.239+09:00 DEBUG 960586 --- [api] [http-nio-8080-exec-1] c.e.a.a.s.controller.SampleController    : aaa
2024-11-04T11:21:39.260+09:00 DEBUG 960586 --- [api] [http-nio-8080-exec-1] org.mybatis.spring.SqlSessionUtils       : Creating a new SqlSession
2024-11-04T11:21:39.272+09:00 DEBUG 960586 --- [api] [http-nio-8080-exec-1] org.mybatis.spring.SqlSessionUtils       : SqlSession [org.apache.ibatis.session.defaults.DefaultSqlSession@14f909ae] was not registered for synchronization because synchronization is not active
2024-11-04T11:21:39.295+09:00  INFO 960586 --- [api] [http-nio-8080-exec-1] com.zaxxer.hikari.HikariDataSource       : HikariPool-1 - Starting...
2024-11-04T11:21:39.803+09:00  INFO 960586 --- [api] [http-nio-8080-exec-1] com.zaxxer.hikari.pool.HikariPool        : HikariPool-1 - Added connection org.postgresql.jdbc.PgConnection@22c13a05
2024-11-04T11:21:39.808+09:00  INFO 960586 --- [api] [http-nio-8080-exec-1] com.zaxxer.hikari.HikariDataSource       : HikariPool-1 - Start completed.
2024-11-04T11:21:39.825+09:00 DEBUG 960586 --- [api] [http-nio-8080-exec-1] o.m.s.t.SpringManagedTransaction         : JDBC Connection [HikariProxyConnection@796952048 wrapping org.postgresql.jdbc.PgConnection@22c13a05] will not be managed by Spring
2024-11-04T11:21:39.848+09:00 DEBUG 960586 --- [api] [http-nio-8080-exec-1] c.e.a.a.s.d.r.S.selectAll                : ==>  Preparing: SELECT seq, id, number, string, created_at, updated_at FROM samples
2024-11-04T11:21:39.916+09:00 DEBUG 960586 --- [api] [http-nio-8080-exec-1] c.e.a.a.s.d.r.S.selectAll                : ==> Parameters: 
2024-11-04T11:21:39.996+09:00 DEBUG 960586 --- [api] [http-nio-8080-exec-1] c.e.a.a.s.d.r.S.selectAll                : <==      Total: 5
2024-11-04T11:21:40.017+09:00 DEBUG 960586 --- [api] [http-nio-8080-exec-1] org.mybatis.spring.SqlSessionUtils       : Closing non transactional SqlSession [org.apache.ibatis.session.defaults.DefaultSqlSession@14f909ae]
2024-11-04T11:33:01.404+09:00  INFO 960586 --- [api] [SpringApplicationShutdownHook] com.zaxxer.hikari.HikariDataSource       : HikariPool-1 - Shutdown initiated...
2024-11-04T11:33:01.415+09:00  INFO 960586 --- [api] [SpringApplicationShutdownHook] com.zaxxer.hikari.HikariDataSource       : HikariPool-1 - Shutdown completed.
2024-11-04T11:33:41.614+09:00  INFO 963970 --- [api] [main] com.example.api.ApiApplication           : Starting ApiApplication using Java 17.0.12 with PID 963970 (/home/expl/ws/springboot-multiproject-sample/api/target/classes started by expl in /home/expl/ws/springboot-multiproject-sample/api)
2024-11-04T11:33:41.622+09:00 DEBUG 963970 --- [api] [main] com.example.api.ApiApplication           : Running with Spring Boot v3.3.5, Spring v6.1.14
2024-11-04T11:33:41.626+09:00  INFO 963970 --- [api] [main] com.example.api.ApiApplication           : The following 1 profile is active: "dev"
2024-11-04T11:33:44.476+09:00 DEBUG 963970 --- [api] [main] o.m.s.b.a.MybatisAutoConfiguration       : Searching for mappers annotated with @Mapper
2024-11-04T11:33:44.479+09:00 DEBUG 963970 --- [api] [main] o.m.s.b.a.MybatisAutoConfiguration       : Using auto-configuration base package 'com.example.api'
2024-11-04T11:33:44.985+09:00 DEBUG 963970 --- [api] [main] o.m.s.mapper.ClassPathMapperScanner      : Identified candidate component class: file [/home/expl/ws/springboot-multiproject-sample/api/target/classes/com/example/api/ap/sample/domain/repository/SampleRepository.class]
2024-11-04T11:33:44.995+09:00 DEBUG 963970 --- [api] [main] o.m.s.mapper.ClassPathMapperScanner      : Creating MapperFactoryBean with name 'sampleRepository' and 'com.example.api.ap.sample.domain.repository.SampleRepository' mapperInterface
2024-11-04T11:33:47.401+09:00  INFO 963970 --- [api] [main] o.apache.catalina.core.StandardService   : Starting service [Tomcat]
2024-11-04T11:33:47.403+09:00  INFO 963970 --- [api] [main] o.apache.catalina.core.StandardEngine    : Starting Servlet engine: [Apache Tomcat/10.1.31]
2024-11-04T11:33:47.699+09:00  INFO 963970 --- [api] [main] o.a.c.c.C.[Tomcat].[localhost].[/]       : Initializing Spring embedded WebApplicationContext
2024-11-04T11:33:48.096+09:00 DEBUG 963970 --- [api] [main] c.e.a.f.s.CustomAuthenticationFilter     : Filter 'customAuthenticationFilter' configured for use
2024-11-04T11:33:49.050+09:00 DEBUG 963970 --- [api] [main] o.mybatis.spring.SqlSessionFactoryBean   : Parsed mapper file: 'file [/home/expl/ws/springboot-multiproject-sample/api/target/classes/mapper/com/example/api/ap/sample/domain/repository/SampleRepository.xml]'
2024-11-04T11:33:49.421+09:00  WARN 963970 --- [api] [main] .s.s.UserDetailsServiceAutoConfiguration : 

Using generated security password: 3d608029-ee11-4db3-b74a-94250c4f91cc

This generated password is for development use only. Your security configuration must be updated before running your application in production.

2024-11-04T11:33:52.334+09:00 DEBUG 963970 --- [api] [main] o.m.s.b.a.MybatisAutoConfiguration       : Not found configuration for registering mapper bean using @MapperScan, MapperFactoryBean and MapperScannerConfigurer.
2024-11-04T11:33:53.185+09:00  INFO 963970 --- [api] [main] com.example.api.ApiApplication           : Started ApiApplication in 13.371 seconds (process running for 15.18)
2024-11-04T11:34:05.283+09:00  INFO 963970 --- [api] [http-nio-8080-exec-1] o.a.c.c.C.[Tomcat].[localhost].[/]       : Initializing Spring DispatcherServlet 'dispatcherServlet'
2024-11-04T11:34:51.217+09:00 DEBUG 963970 --- [api] [http-nio-8080-exec-1] c.e.a.a.s.controller.SampleController    : aaa
2024-11-04T11:35:02.304+09:00 DEBUG 963970 --- [api] [http-nio-8080-exec-1] org.mybatis.spring.SqlSessionUtils       : Creating a new SqlSession
2024-11-04T11:35:02.402+09:00 DEBUG 963970 --- [api] [http-nio-8080-exec-1] org.mybatis.spring.SqlSessionUtils       : SqlSession [org.apache.ibatis.session.defaults.DefaultSqlSession@56d7ab98] was not registered for synchronization because synchronization is not active
2024-11-04T11:35:02.533+09:00  INFO 963970 --- [api] [http-nio-8080-exec-1] com.zaxxer.hikari.HikariDataSource       : HikariPool-1 - Starting...
2024-11-04T11:35:12.539+09:00  INFO 963970 --- [api] [http-nio-8080-exec-1] com.zaxxer.hikari.pool.HikariPool        : HikariPool-1 - Added connection org.postgresql.jdbc.PgConnection@28405ff5
2024-11-04T11:35:12.573+09:00  INFO 963970 --- [api] [http-nio-8080-exec-1] com.zaxxer.hikari.HikariDataSource       : HikariPool-1 - Start completed.
2024-11-04T11:35:12.750+09:00 DEBUG 963970 --- [api] [http-nio-8080-exec-1] o.m.s.t.SpringManagedTransaction         : JDBC Connection [HikariProxyConnection@612920149 wrapping org.postgresql.jdbc.PgConnection@28405ff5] will not be managed by Spring
2024-11-04T11:35:13.184+09:00 DEBUG 963970 --- [api] [http-nio-8080-exec-1] c.e.a.a.s.d.r.S.selectAll                : ==>  Preparing: SELECT seq, id, number, string, created_at, updated_at FROM samples
2024-11-04T11:35:14.437+09:00 DEBUG 963970 --- [api] [http-nio-8080-exec-1] c.e.a.a.s.d.r.S.selectAll                : ==> Parameters: 
2024-11-04T11:35:15.517+09:00 DEBUG 963970 --- [api] [http-nio-8080-exec-1] c.e.a.a.s.d.r.S.selectAll                : <==      Total: 5
2024-11-04T11:35:15.569+09:00 DEBUG 963970 --- [api] [http-nio-8080-exec-1] org.mybatis.spring.SqlSessionUtils       : Closing non transactional SqlSession [org.apache.ibatis.session.defaults.DefaultSqlSession@56d7ab98]
2024-11-04T11:35:48.902+09:00 DEBUG 963970 --- [api] [http-nio-8080-exec-3] org.mybatis.spring.SqlSessionUtils       : Creating a new SqlSession
2024-11-04T11:35:48.904+09:00 DEBUG 963970 --- [api] [http-nio-8080-exec-3] org.mybatis.spring.SqlSessionUtils       : SqlSession [org.apache.ibatis.session.defaults.DefaultSqlSession@575e4de2] was not registered for synchronization because synchronization is not active
2024-11-04T11:35:48.907+09:00 DEBUG 963970 --- [api] [http-nio-8080-exec-3] o.m.s.t.SpringManagedTransaction         : JDBC Connection [HikariProxyConnection@2098068651 wrapping org.postgresql.jdbc.PgConnection@28405ff5] will not be managed by Spring
2024-11-04T11:35:48.908+09:00 DEBUG 963970 --- [api] [http-nio-8080-exec-3] c.e.a.a.s.d.r.S.selectById               : ==>  Preparing: SELECT seq, id, number, string, created_at, updated_at FROM samples WHERE id = ?
2024-11-04T11:35:48.912+09:00 DEBUG 963970 --- [api] [http-nio-8080-exec-3] c.e.a.a.s.d.r.S.selectById               : ==> Parameters: 0d861b64-371a-484f-800c-6afd05add48b(String)
2024-11-04T11:35:48.921+09:00 DEBUG 963970 --- [api] [http-nio-8080-exec-3] c.e.a.a.s.d.r.S.selectById               : <==      Total: 1
2024-11-04T11:35:48.923+09:00 DEBUG 963970 --- [api] [http-nio-8080-exec-3] org.mybatis.spring.SqlSessionUtils       : Closing non transactional SqlSession [org.apache.ibatis.session.defaults.DefaultSqlSession@575e4de2]
2024-11-04T11:36:17.901+09:00 DEBUG 963970 --- [api] [http-nio-8080-exec-4] c.e.a.a.s.controller.SampleController    : aaa
2024-11-04T11:36:17.908+09:00 DEBUG 963970 --- [api] [http-nio-8080-exec-4] org.mybatis.spring.SqlSessionUtils       : Creating a new SqlSession
2024-11-04T11:36:17.914+09:00 DEBUG 963970 --- [api] [http-nio-8080-exec-4] org.mybatis.spring.SqlSessionUtils       : SqlSession [org.apache.ibatis.session.defaults.DefaultSqlSession@24a73005] was not registered for synchronization because synchronization is not active
2024-11-04T11:36:17.924+09:00 DEBUG 963970 --- [api] [http-nio-8080-exec-4] o.m.s.t.SpringManagedTransaction         : JDBC Connection [HikariProxyConnection@710986465 wrapping org.postgresql.jdbc.PgConnection@28405ff5] will not be managed by Spring
2024-11-04T11:36:17.932+09:00 DEBUG 963970 --- [api] [http-nio-8080-exec-4] c.e.a.a.s.d.r.S.selectAll                : ==>  Preparing: SELECT seq, id, number, string, created_at, updated_at FROM samples
2024-11-04T11:36:17.939+09:00 DEBUG 963970 --- [api] [http-nio-8080-exec-4] c.e.a.a.s.d.r.S.selectAll                : ==> Parameters: 
2024-11-04T11:36:17.969+09:00 DEBUG 963970 --- [api] [http-nio-8080-exec-4] c.e.a.a.s.d.r.S.selectAll                : <==      Total: 5
2024-11-04T11:36:17.976+09:00 DEBUG 963970 --- [api] [http-nio-8080-exec-4] org.mybatis.spring.SqlSessionUtils       : Closing non transactional SqlSession [org.apache.ibatis.session.defaults.DefaultSqlSession@24a73005]
2024-11-04T11:39:08.534+09:00 DEBUG 963970 --- [api] [http-nio-8080-exec-6] c.e.a.a.s.controller.SampleController    : aaa
2024-11-04T11:39:08.540+09:00 DEBUG 963970 --- [api] [http-nio-8080-exec-6] org.mybatis.spring.SqlSessionUtils       : Creating a new SqlSession
2024-11-04T11:39:08.546+09:00 DEBUG 963970 --- [api] [http-nio-8080-exec-6] org.mybatis.spring.SqlSessionUtils       : SqlSession [org.apache.ibatis.session.defaults.DefaultSqlSession@2ecf19b1] was not registered for synchronization because synchronization is not active
2024-11-04T11:39:08.555+09:00 DEBUG 963970 --- [api] [http-nio-8080-exec-6] o.m.s.t.SpringManagedTransaction         : JDBC Connection [HikariProxyConnection@537457176 wrapping org.postgresql.jdbc.PgConnection@28405ff5] will not be managed by Spring
2024-11-04T11:39:08.563+09:00 DEBUG 963970 --- [api] [http-nio-8080-exec-6] c.e.a.a.s.d.r.S.selectAll                : ==>  Preparing: SELECT seq, id, number, string, created_at, updated_at FROM samples
2024-11-04T11:39:08.569+09:00 DEBUG 963970 --- [api] [http-nio-8080-exec-6] c.e.a.a.s.d.r.S.selectAll                : ==> Parameters: 
2024-11-04T11:39:08.704+09:00 DEBUG 963970 --- [api] [http-nio-8080-exec-6] c.e.a.a.s.d.r.S.selectAll                : <==      Total: 5
2024-11-04T11:39:08.711+09:00 DEBUG 963970 --- [api] [http-nio-8080-exec-6] org.mybatis.spring.SqlSessionUtils       : Closing non transactional SqlSession [org.apache.ibatis.session.defaults.DefaultSqlSession@2ecf19b1]
2024-11-04T12:37:37.015+09:00  INFO 980107 --- [api] [main] com.example.api.ApiApplication           : Starting ApiApplication using Java 17.0.12 with PID 980107 (/home/expl/ws/springboot-multiproject-sample/api/target/classes started by expl in /home/expl/ws/springboot-multiproject-sample/api)
2024-11-04T12:37:37.024+09:00 DEBUG 980107 --- [api] [main] com.example.api.ApiApplication           : Running with Spring Boot v3.3.5, Spring v6.1.14
2024-11-04T12:37:37.028+09:00  INFO 980107 --- [api] [main] com.example.api.ApiApplication           : The following 1 profile is active: "dev"
2024-11-04T12:37:39.143+09:00 DEBUG 980107 --- [api] [main] o.m.s.b.a.MybatisAutoConfiguration       : Searching for mappers annotated with @Mapper
2024-11-04T12:37:39.145+09:00 DEBUG 980107 --- [api] [main] o.m.s.b.a.MybatisAutoConfiguration       : Using auto-configuration base package 'com.example.api'
2024-11-04T12:37:39.526+09:00 DEBUG 980107 --- [api] [main] o.m.s.mapper.ClassPathMapperScanner      : Identified candidate component class: file [/home/expl/ws/springboot-multiproject-sample/api/target/classes/com/example/api/ap/sample/domain/repository/SampleRepository.class]
2024-11-04T12:37:39.534+09:00 DEBUG 980107 --- [api] [main] o.m.s.mapper.ClassPathMapperScanner      : Creating MapperFactoryBean with name 'sampleRepository' and 'com.example.api.ap.sample.domain.repository.SampleRepository' mapperInterface
2024-11-04T12:37:41.226+09:00  INFO 980107 --- [api] [main] o.apache.catalina.core.StandardService   : Starting service [Tomcat]
2024-11-04T12:37:41.227+09:00  INFO 980107 --- [api] [main] o.apache.catalina.core.StandardEngine    : Starting Servlet engine: [Apache Tomcat/10.1.31]
2024-11-04T12:37:41.409+09:00  INFO 980107 --- [api] [main] o.a.c.c.C.[Tomcat].[localhost].[/]       : Initializing Spring embedded WebApplicationContext
2024-11-04T12:37:41.651+09:00 DEBUG 980107 --- [api] [main] c.e.a.f.s.CustomAuthenticationFilter     : Filter 'customAuthenticationFilter' configured for use
2024-11-04T12:37:42.379+09:00 DEBUG 980107 --- [api] [main] o.mybatis.spring.SqlSessionFactoryBean   : Parsed mapper file: 'file [/home/expl/ws/springboot-multiproject-sample/api/target/classes/mapper/com/example/api/ap/sample/domain/repository/SampleRepository.xml]'
2024-11-04T12:37:42.690+09:00  WARN 980107 --- [api] [main] .s.s.UserDetailsServiceAutoConfiguration : 

Using generated security password: a369fac1-8c68-467d-9eb3-f61f86711f2b

This generated password is for development use only. Your security configuration must be updated before running your application in production.

2024-11-04T12:37:44.566+09:00 DEBUG 980107 --- [api] [main] o.m.s.b.a.MybatisAutoConfiguration       : Not found configuration for registering mapper bean using @MapperScan, MapperFactoryBean and MapperScannerConfigurer.
2024-11-04T12:37:45.008+09:00  INFO 980107 --- [api] [main] com.example.api.ApiApplication           : Started ApiApplication in 9.779 seconds (process running for 10.76)
2024-11-04T12:37:56.263+09:00  INFO 980107 --- [api] [http-nio-8080-exec-1] o.a.c.c.C.[Tomcat].[localhost].[/]       : Initializing Spring DispatcherServlet 'dispatcherServlet'
2024-11-04T12:37:56.388+09:00 DEBUG 980107 --- [api] [http-nio-8080-exec-1] c.e.a.a.s.controller.SampleController    : aaa
2024-11-04T12:37:56.408+09:00 DEBUG 980107 --- [api] [http-nio-8080-exec-1] org.mybatis.spring.SqlSessionUtils       : Creating a new SqlSession
2024-11-04T12:37:56.421+09:00 DEBUG 980107 --- [api] [http-nio-8080-exec-1] org.mybatis.spring.SqlSessionUtils       : SqlSession [org.apache.ibatis.session.defaults.DefaultSqlSession@738b5cda] was not registered for synchronization because synchronization is not active
2024-11-04T12:37:56.443+09:00  INFO 980107 --- [api] [http-nio-8080-exec-1] com.zaxxer.hikari.HikariDataSource       : HikariPool-1 - Starting...
2024-11-04T12:37:56.992+09:00  INFO 980107 --- [api] [http-nio-8080-exec-1] com.zaxxer.hikari.pool.HikariPool        : HikariPool-1 - Added connection org.postgresql.jdbc.PgConnection@672d6c09
2024-11-04T12:37:56.997+09:00  INFO 980107 --- [api] [http-nio-8080-exec-1] com.zaxxer.hikari.HikariDataSource       : HikariPool-1 - Start completed.
2024-11-04T12:37:57.015+09:00 DEBUG 980107 --- [api] [http-nio-8080-exec-1] o.m.s.t.SpringManagedTransaction         : JDBC Connection [HikariProxyConnection@1997456545 wrapping org.postgresql.jdbc.PgConnection@672d6c09] will not be managed by Spring
2024-11-04T12:37:57.038+09:00 DEBUG 980107 --- [api] [http-nio-8080-exec-1] c.e.a.a.s.d.r.S.selectAll                : ==>  Preparing: SELECT seq, id, number, string, created_at, updated_at FROM samples
2024-11-04T12:37:57.109+09:00 DEBUG 980107 --- [api] [http-nio-8080-exec-1] c.e.a.a.s.d.r.S.selectAll                : ==> Parameters: 
2024-11-04T12:37:57.197+09:00 DEBUG 980107 --- [api] [http-nio-8080-exec-1] c.e.a.a.s.d.r.S.selectAll                : <==      Total: 5
2024-11-04T12:37:57.220+09:00 DEBUG 980107 --- [api] [http-nio-8080-exec-1] org.mybatis.spring.SqlSessionUtils       : Closing non transactional SqlSession [org.apache.ibatis.session.defaults.DefaultSqlSession@738b5cda]
2024-11-04T21:18:18.395+09:00  INFO 980107 --- [api] [SpringApplicationShutdownHook] com.zaxxer.hikari.HikariDataSource       : HikariPool-1 - Shutdown initiated...
2024-11-04T21:18:18.403+09:00  INFO 980107 --- [api] [SpringApplicationShutdownHook] com.zaxxer.hikari.HikariDataSource       : HikariPool-1 - Shutdown completed.
